"C:\Program Files\JetBrains\CLion 2018.2.5\bin\cmake\win\bin\cmake.exe" -DCMAKE_BUILD_TYPE=Debug -G "CodeBlocks - MinGW Makefiles" C:\Users\dell\Desktop\月照花林皆似霰\课程\数据结构\2\tree
-- The C compiler identification is GNU 7.3.0
-- Check for working C compiler: C:/Program Files/mingw-w64/mingw64/bin/gcc.exe
-- Check for working C compiler: C:/Program Files/mingw-w64/mingw64/bin/gcc.exe -- broken
CMake Error at C:/Program Files/JetBrains/CLion 2018.2.5/bin/cmake/win/share/cmake-3.12/Modules/CMakeTestCCompiler.cmake:52 (message):
  The C compiler

    "C:/Program Files/mingw-w64/mingw64/bin/gcc.exe"

  is not able to compile a simple test program.

  It fails with the following output:

    Change Dir: C:/Users/dell/Desktop/鏈堢収鑺辨灄鐨嗕技闇�/璇剧▼/鏁版嵁缁撴瀯/2/tree/cmake-build-debug/CMakeFiles/CMakeTmp
    
    Run Build Command:"C:/PROGRA~1/mingw-w64/mingw64/bin/mingw32-make.exe" "cmTC_c1c49/fast"
    C:/PROGRA~1/mingw-w64/mingw64/bin/mingw32-make.exe -f CMakeFiles\cmTC_c1c49.dir\build.make CMakeFiles/cmTC_c1c49.dir/build
    mingw32-make.exe[1]: Entering directory 'C:/Users/dell/Desktop/鏈堢収鑺辨灄鐨嗕技闇�/璇剧▼/鏁版嵁缁撴瀯/2/tree/cmake-build-debug/CMakeFiles/CMakeTmp'
    Building C object CMakeFiles/cmTC_c1c49.dir/testCCompiler.c.obj
    C:\PROGRA~1\mingw-w64\mingw64\bin\gcc.exe    -o CMakeFiles\cmTC_c1c49.dir\testCCompiler.c.obj   -c C:\Users\dell\Desktop\閺堝牏鍙庨懞杈ㄧ亜閻ㄥ棔鎶�闂囩櫒鐠囧墽鈻糪閺佺増宓佺紒鎾寸�痋2\tree\cmake-build-debug\CMakeFiles\CMakeTmp\testCCompiler.c
    gcc.exe: error: C:\Users\dell\Desktop\閺堝牏鍙庨懞杈ㄧ亜閻ㄥ棔鎶�闂囩櫒鐠囧墽鈻糪閺佺増宓佺紒鎾寸�痋2\tree\cmake-build-debug\CMakeFiles\CMakeTmp\testCCompiler.c: No such file or directory
    gcc.exe: fatal error: no input files
    compilation terminated.
    mingw32-make.exe[1]: *** [CMakeFiles\cmTC_c1c49.dir\build.make:65: CMakeFiles/cmTC_c1c49.dir/testCCompiler.c.obj] Error 1
    mingw32-make.exe[1]: Leaving directory 'C:/Users/dell/Desktop/鏈堢収鑺辨灄鐨嗕技闇�/璇剧▼/鏁版嵁缁撴瀯/2/tree/cmake-build-debug/CMakeFiles/CMakeTmp'
    mingw32-make.exe: *** [Makefile:120: cmTC_c1c49/fast] Error 2
    

  

  CMake will not be able to correctly generate this project.
Call Stack (most recent call first):
  CMakeLists.txt:2 (project)


-- Configuring incomplete, errors occurred!
See also "C:/Users/dell/Desktop/鏈堢収鑺辨灄鐨嗕技闇�/璇剧▼/鏁版嵁缁撴瀯/2/tree/cmake-build-debug/CMakeFiles/CMakeOutput.log".
See also "C:/Users/dell/Desktop/鏈堢収鑺辨灄鐨嗕技闇�/璇剧▼/鏁版嵁缁撴瀯/2/tree/cmake-build-debug/CMakeFiles/CMakeError.log".
